<?xml version="1.0" encoding="UTF-8"?>
<!DOCTYPE beans PUBLIC "-//SPRING//DTD BEAN//EN" "http://www.springframework.org/dtd/spring-beans.dtd">
<beans>

  <bean id="renTest2" factory-bean="sampleGenerator" factory-method="read">
    <constructor-arg value="test-render-2.xml"/>
  </bean>

  <bean id="ocfgTest1" factory-bean="sampleGenerator" factory-method="read">
    <constructor-arg value="test-cfg-1.xml"/>
  </bean>
  
  <bean id="odwgTest2" factory-bean="sampleGenerator" factory-method="read">
    <constructor-arg value="test-dwg-2.xml"/>
  </bean>

  <bean id="dwgTest2" class="org.springframework.core.io.ClassPathResource">
    <constructor-arg  value="test-dwg-2.xml"  />
  </bean>

  <bean id="jaxb2Marshaller" class="org.springframework.oxm.jaxb.Jaxb2Marshaller">
        <property name="classesToBeBound">
            <list>
                <value>org.autopipes.takeout.Root</value>
                <value>org.autopipes.model.FloorDrawing</value>
                <value>org.autopipes.model.RenderDwg</value>
            </list>
        </property>
        <property name="marshallerProperties">
            <map>
                <entry key = "jaxb.formatted.output">
                    <value type="java.lang.Boolean">true</value>
                </entry>
            </map>
        </property>
  </bean>
  
<!-- Factory for test drawings -->
  <bean id="sampleGenerator" class="org.autopipes.util.OxmResourceReader">
    <constructor-arg ref="jaxb2Marshaller"/>
    <constructor-arg ref="jaxb2Marshaller"/>
  </bean>

  <bean id="webServiceTemplate" class="org.springframework.ws.client.core.WebServiceTemplate">
   <property name="defaultUri" value="http://localhost:9090/autopipes/service/"/>
   <property name="marshaller" ref="jaxb2Marshaller"/>
   <property name="unmarshaller" ref="jaxb2Marshaller"/>
  </bean>
   
</beans>