<?xml version="1.0" encoding="UTF-8" standalone="yes"?>
<ns2:root xmlns:ns2="http://dwg.autopipes.org">
    <info>
        <outlet>D1</outlet>
        <main>true</main>
        <drillLimits>
            <entry>
                <key>mechanical</key>
                <value>D1</value>
            </entry>
            <entry>
                <key>welded</key>
                <value>D2</value>
            </entry>
        </drillLimits>        <targetHole>6</targetHole>
        <groovedByAngle>
            <entry>
                <key>deg90</key>
                <value>
                    <byVendor>
                        <entry>
                            <key>FIRELOCK</key>
                            <value>10</value>
                        </entry>
                    </byVendor>
                </value>
            </entry>
            <entry>
                <key>deg45</key>
                <value>
                    <byDiameter>
                        <entry>
                            <key>D1</key>
                            <value>6</value>
                        </entry>
                    </byDiameter>
                </value>
            </entry>
        </groovedByAngle>
        <byDiameter>
            <entry>
                <key>D1</key>
                <value>
                    <byAttachment>
                        <entry>
                            <key>welded</key>
                            <value>0.5</value>
                        </entry>
                        <entry>
                            <key>mechanical</key>
                            <value>0.299999999999999988897769753748434595763683319091796875</value>
                        </entry>
                    </byAttachment>
                    <byAngle>
                        <entry>
                            <key>deg0</key>
                            <value>0.1000000000000000055511151231257827021181583404541015625</value>
                        </entry>
                        <entry>
                            <key>deg45</key>
                            <value>0.200000000000000011102230246251565404236316680908203125</value>
                        </entry>
                        <entry>
                            <key>deg90</key>
                            <value>0.5</value>
                        </entry>
                    </byAngle>
                </value>
            </entry>
            <entry>
                <key>D2</key>
                <value>
                    <byAttachment>
                        <entry>
                            <key>welded</key>
                            <value>0.5</value>
                        </entry>
                        <entry>
                            <key>mechanical</key>
                            <value>0.299999999999999988897769753748434595763683319091796875</value>
                        </entry>
                    </byAttachment>
                    <byAngle>
                        <entry>
                            <key>deg90</key>
                            <value>0.5</value>
                        </entry>
                    </byAngle>
                </value>
            </entry>
        </byDiameter>
    </info>
</ns2:root>
