<?xml version="1.0" encoding="UTF-8"?>

<beans
  xmlns="http://www.springframework.org/schema/beans"
  xmlns:xsi="http://www.w3.org/2001/XMLSchema-instance"
  xsi:schemaLocation="http://www.springframework.org/schema/beans
    http://www.springframework.org/schema/beans/spring-beans-2.0.xsd">

  <bean id="takeoutRepo" factory-bean="resourceReader" factory-method="read" init-method="initLookup">
    <constructor-arg value="test-takeout.xml"/>
  </bean>
  
  <bean id="fittingFactory" class="org.autopipes.takeout.Fitting$Factory" >
    <property name="takeout" ref="takeoutRepo"/>
  </bean>
  
  <!-- Factory to deserialize XML resources -->
  <bean id="resourceReader" class="org.autopipes.util.OxmResourceReader">
    <constructor-arg ref="jaxb2Marshaller"/>
    <constructor-arg ref="jaxb2Marshaller"/>
  </bean>
  
  <bean id="jaxb2Marshaller" class="org.springframework.oxm.jaxb.Jaxb2Marshaller">
        <property name="classesToBeBound">
            <list>
                <value>org.autopipes.takeout.TakeoutRepository</value>
            </list>
        </property>
        <property name="marshallerProperties">
            <map>
                <entry key = "jaxb.formatted.output">
                    <value type="java.lang.Boolean">true</value>
                </entry>
            </map>
        </property>
  </bean>
   
</beans>